minishell$> >in <Makefile
==274439== 
==274439== FILE DESCRIPTORS: 3 open (3 std) at exit.
==274439== 
==274439== HEAP SUMMARY:
==274439==     in use at exit: 208,358 bytes in 234 blocks
==274439==   total heap usage: 650 allocs, 416 frees, 266,583 bytes allocated
==274439== 
==274439== LEAK SUMMARY:
==274439==    definitely lost: 0 bytes in 0 blocks
==274439==    indirectly lost: 0 bytes in 0 blocks
==274439==      possibly lost: 0 bytes in 0 blocks
==274439==    still reachable: 0 bytes in 0 blocks
==274439==         suppressed: 208,358 bytes in 234 blocks
==274439== 
==274439== For lists of detected and suppressed errors, rerun with: -s
==274439== ERROR SUMMARY: 0 errors from 0 contexts (suppressed: 0 from 0)
minishell$> chmod 000 in
==274450== Memcheck, a memory error detector
==274450== Copyright (C) 2002-2017, and GNU GPL'd, by Julian Seward et al.
==274450== Using Valgrind-3.18.1 and LibVEX; rerun with -h for copyright info
==274450== Command: /usr/bin/chmod 000 in
==274450== 
==274450== 
==274450== FILE DESCRIPTORS: 1 open (1 std) at exit.
==274450== 
==274450== HEAP SUMMARY:
==274450==     in use at exit: 32 bytes in 1 blocks
==274450==   total heap usage: 38 allocs, 37 frees, 9,457 bytes allocated
==274450== 
==274450== 32 bytes in 1 blocks are still reachable in loss record 1 of 1
==274450==    at 0x4848899: malloc (in /usr/libexec/valgrind/vgpreload_memcheck-amd64-linux.so)
==274450==    by 0x10D193: ??? (in /usr/bin/chmod)
==274450==    by 0x10BDBC: ??? (in /usr/bin/chmod)
==274450==    by 0x489DD8F: (below main) (libc_start_call_main.h:58)
==274450== 
==274450== LEAK SUMMARY:
==274450==    definitely lost: 0 bytes in 0 blocks
==274450==    indirectly lost: 0 bytes in 0 blocks
==274450==      possibly lost: 0 bytes in 0 blocks
==274450==    still reachable: 32 bytes in 1 blocks
==274450==         suppressed: 0 bytes in 0 blocks
==274450== 
==274450== For lists of detected and suppressed errors, rerun with: -s
==274450== ERROR SUMMARY: 0 errors from 0 contexts (suppressed: 0 from 0)
minishell$> >in <Makefile
in: Permission denied
minishell: No such file or directory
==274452== Warning: invalid file descriptor -1 in syscall close()
==274452== Warning: invalid file descriptor -1 in syscall close()
==274452== Warning: invalid file descriptor -1 in syscall close()
==274452== Warning: invalid file descriptor -1 in syscall close()
==274452== 
==274452== FILE DESCRIPTORS: 5 open (3 std) at exit.
==274452== Open file descriptor 4: /dev/pts/0
==274452==    at 0x49DCFEB: dup (syscall-template.S:120)
==274452==    by 0x40A7BD: set_default_fd (fds.c:28)
==274452==    by 0x402DF4: process_commands (exec.c:113)
==274452==    by 0x402F60: exec (exec.c:150)
==274452==    by 0x401557: handle_mshell (minishell.c:49)
==274452==    by 0x401642: main (minishell.c:71)
==274452== 
==274452== Open file descriptor 3: /dev/pts/0
==274452==    at 0x49DCFEB: dup (syscall-template.S:120)
==274452==    by 0x40A7AD: set_default_fd (fds.c:27)
==274452==    by 0x402DF4: process_commands (exec.c:113)
==274452==    by 0x402F60: exec (exec.c:150)
==274452==    by 0x401557: handle_mshell (minishell.c:49)
==274452==    by 0x401642: main (minishell.c:71)
==274452== 
==274452== 
==274452== HEAP SUMMARY:
==274452==     in use at exit: 211,277 bytes in 312 blocks
==274452==   total heap usage: 785 allocs, 473 frees, 268,778 bytes allocated
==274452== 
==274452== 3 bytes in 1 blocks are still reachable in loss record 3 of 83
==274452==    at 0x4848899: malloc (in /usr/libexec/valgrind/vgpreload_memcheck-amd64-linux.so)
==274452==    by 0x40BA94: ft_strdup (ft_strdup.c:20)
==274452==    by 0x40C15C: ft_append_str (ft_append_str.c:41)
==274452==    by 0x406965: handle_redir_out (redirections.c:28)
==274452==    by 0x406A78: append_redir (redirections.c:47)
==274452==    by 0x406680: append_cmds (lexer_to_cmd.c:47)
==274452==    by 0x40685B: lexer_to_cmd (lexer_to_cmd.c:96)
==274452==    by 0x407898: parse (main_parser.c:27)
==274452==    by 0x401540: handle_mshell (minishell.c:47)
==274452==    by 0x401642: main (minishell.c:71)
==274452== 
==274452== 9 bytes in 1 blocks are still reachable in loss record 6 of 83
==274452==    at 0x4848899: malloc (in /usr/libexec/valgrind/vgpreload_memcheck-amd64-linux.so)
==274452==    by 0x40BA94: ft_strdup (ft_strdup.c:20)
==274452==    by 0x40C15C: ft_append_str (ft_append_str.c:41)
==274452==    by 0x4068E3: handle_redir_in (redirections.c:19)
==274452==    by 0x406A4D: append_redir (redirections.c:45)
==274452==    by 0x406680: append_cmds (lexer_to_cmd.c:47)
==274452==    by 0x40685B: lexer_to_cmd (lexer_to_cmd.c:96)
==274452==    by 0x407898: parse (main_parser.c:27)
==274452==    by 0x401540: handle_mshell (minishell.c:47)
==274452==    by 0x401642: main (minishell.c:71)
==274452== 
==274452== 12 bytes in 1 blocks are still reachable in loss record 7 of 83
==274452==    at 0x4848899: malloc (in /usr/libexec/valgrind/vgpreload_memcheck-amd64-linux.so)
==274452==    by 0x40805C: append_type (redir_order.c:79)
==274452==    by 0x40690A: handle_redir_in (redirections.c:21)
==274452==    by 0x406A4D: append_redir (redirections.c:45)
==274452==    by 0x406680: append_cmds (lexer_to_cmd.c:47)
==274452==    by 0x40685B: lexer_to_cmd (lexer_to_cmd.c:96)
==274452==    by 0x407898: parse (main_parser.c:27)
==274452==    by 0x401540: handle_mshell (minishell.c:47)
==274452==    by 0x401642: main (minishell.c:71)
==274452== 
==274452== 16 bytes in 1 blocks are still reachable in loss record 16 of 83
==274452==    at 0x4848899: malloc (in /usr/libexec/valgrind/vgpreload_memcheck-amd64-linux.so)
==274452==    by 0x40C0CB: ft_append_str (ft_append_str.c:32)
==274452==    by 0x406965: handle_redir_out (redirections.c:28)
==274452==    by 0x406A78: append_redir (redirections.c:47)
==274452==    by 0x406680: append_cmds (lexer_to_cmd.c:47)
==274452==    by 0x40685B: lexer_to_cmd (lexer_to_cmd.c:96)
==274452==    by 0x407898: parse (main_parser.c:27)
==274452==    by 0x401540: handle_mshell (minishell.c:47)
==274452==    by 0x401642: main (minishell.c:71)
==274452== 
==274452== 16 bytes in 1 blocks are still reachable in loss record 17 of 83
==274452==    at 0x4848899: malloc (in /usr/libexec/valgrind/vgpreload_memcheck-amd64-linux.so)
==274452==    by 0x40C0CB: ft_append_str (ft_append_str.c:32)
==274452==    by 0x4068E3: handle_redir_in (redirections.c:19)
==274452==    by 0x406A4D: append_redir (redirections.c:45)
==274452==    by 0x406680: append_cmds (lexer_to_cmd.c:47)
==274452==    by 0x40685B: lexer_to_cmd (lexer_to_cmd.c:96)
==274452==    by 0x407898: parse (main_parser.c:27)
==274452==    by 0x401540: handle_mshell (minishell.c:47)
==274452==    by 0x401642: main (minishell.c:71)
==274452== 
==274452== 29 bytes in 1 blocks are still reachable in loss record 22 of 83
==274452==    at 0x4848899: malloc (in /usr/libexec/valgrind/vgpreload_memcheck-amd64-linux.so)
==274452==    by 0x40B1A0: copy_str (ft_split.c:20)
==274452==    by 0x40B262: fill_remain (ft_split.c:53)
==274452==    by 0x40B0F5: fill (ft_split.c:84)
==274452==    by 0x40AFC3: ft_split (ft_split.c:109)
==274452==    by 0x407645: parse_path (env_parse.c:73)
==274452==    by 0x407722: env_path_saver (env_parse.c:92)
==274452==    by 0x4077A8: save_path (env_parse.c:108)
==274452==    by 0x4015D1: main (minishell.c:63)
==274452== 
==274452== 72 bytes in 1 blocks are still reachable in loss record 30 of 83
==274452==    at 0x4848899: malloc (in /usr/libexec/valgrind/vgpreload_memcheck-amd64-linux.so)
==274452==    by 0x407905: new_cmd (cmd_utils.c:19)
==274452==    by 0x406BC1: allocate_args_cmd (args.c:25)
==274452==    by 0x406627: append_cmds (lexer_to_cmd.c:40)
==274452==    by 0x40685B: lexer_to_cmd (lexer_to_cmd.c:96)
==274452==    by 0x407898: parse (main_parser.c:27)
==274452==    by 0x401540: handle_mshell (minishell.c:47)
==274452==    by 0x401642: main (minishell.c:71)
==274452== 
==274452== 96 bytes in 1 blocks are still reachable in loss record 35 of 83
==274452==    at 0x4848899: malloc (in /usr/libexec/valgrind/vgpreload_memcheck-amd64-linux.so)
==274452==    by 0x40AF86: ft_split (ft_split.c:105)
==274452==    by 0x407645: parse_path (env_parse.c:73)
==274452==    by 0x407722: env_path_saver (env_parse.c:92)
==274452==    by 0x4077A8: save_path (env_parse.c:108)
==274452==    by 0x4015D1: main (minishell.c:63)
==274452== 
==274452== 118 bytes in 10 blocks are still reachable in loss record 37 of 83
==274452==    at 0x4848899: malloc (in /usr/libexec/valgrind/vgpreload_memcheck-amd64-linux.so)
==274452==    by 0x40B1A0: copy_str (ft_split.c:20)
==274452==    by 0x40B079: fill (ft_split.c:76)
==274452==    by 0x40AFC3: ft_split (ft_split.c:109)
==274452==    by 0x407645: parse_path (env_parse.c:73)
==274452==    by 0x407722: env_path_saver (env_parse.c:92)
==274452==    by 0x4077A8: save_path (env_parse.c:108)
==274452==    by 0x4015D1: main (minishell.c:63)
==274452== 
==274452== 432 bytes in 1 blocks are still reachable in loss record 41 of 83
==274452==    at 0x4848899: malloc (in /usr/libexec/valgrind/vgpreload_memcheck-amd64-linux.so)
==274452==    by 0x40BC1E: ft_calloc (ft_calloc.c:31)
==274452==    by 0x40741D: allocate_env (env_parse.c:23)
==274452==    by 0x4015C4: main (minishell.c:62)
==274452== 
==274452== 2,028 bytes in 53 blocks are still reachable in loss record 56 of 83
==274452==    at 0x4848899: malloc (in /usr/libexec/valgrind/vgpreload_memcheck-amd64-linux.so)
==274452==    by 0x407482: allocate_env (env_parse.c:30)
==274452==    by 0x4015C4: main (minishell.c:62)
==274452== 
==274452== LEAK SUMMARY:
==274452==    definitely lost: 0 bytes in 0 blocks
==274452==    indirectly lost: 0 bytes in 0 blocks
==274452==      possibly lost: 0 bytes in 0 blocks
==274452==    still reachable: 2,831 bytes in 72 blocks
==274452==         suppressed: 208,446 bytes in 240 blocks
==274452== 
==274452== For lists of detected and suppressed errors, rerun with: -s
==274452== ERROR SUMMARY: 0 errors from 0 contexts (suppressed: 0 from 0)